  main.cpp
E:\VS 2019\tic-tac-toe\tic-tac-toe\main.cpp(69,36): warning C4244: аргумент: преобразование "int" в "float", возможна потеря данных
E:\VS 2019\tic-tac-toe\tic-tac-toe\main.cpp(70,33): warning C4244: аргумент: преобразование "int" в "float", возможна потеря данных
E:\VS 2019\tic-tac-toe\tic-tac-toe\main.cpp(86,61): warning C4244: аргумент: преобразование "int" в "float", возможна потеря данных
E:\VS 2019\tic-tac-toe\tic-tac-toe\main.cpp(86,43): warning C4244: аргумент: преобразование "int" в "float", возможна потеря данных
E:\VS 2019\tic-tac-toe\tic-tac-toe\main.cpp(105,99): warning C4244: аргумент: преобразование "T" в "T", возможна потеря данных
          with
          [
              T=int
          ]
          and
          [
              T=float
          ]
E:\VS 2019\tic-tac-toe\tic-tac-toe\main.cpp(105,86): warning C4244: аргумент: преобразование "T" в "T", возможна потеря данных
          with
          [
              T=int
          ]
          and
          [
              T=float
          ]
main.obj : error LNK2019: ссылка на неразрешенный внешний символ "__declspec(dllimport) class sf::Time __cdecl sf::seconds(float)" (__imp_?seconds@sf@@YA?AVTime@1@M@Z) в функции main.
main.obj : error LNK2019: ссылка на неразрешенный внешний символ "__declspec(dllimport) void __cdecl sf::sleep(class sf::Time)" (__imp_?sleep@sf@@YAXVTime@1@@Z) в функции main.
main.obj : error LNK2019: ссылка на неразрешенный внешний символ "__declspec(dllimport) public: __cdecl sf::String::String(char const *,class std::locale const &)" (__imp_??0String@sf@@QEAA@PEBDAEBVlocale@std@@@Z) в функции main.
main.obj : error LNK2019: ссылка на неразрешенный внешний символ "__declspec(dllimport) public: __cdecl sf::String::~String(void)" (__imp_??1String@sf@@QEAA@XZ) в функции main.
main.obj : error LNK2019: ссылка на неразрешенный внешний символ "__declspec(dllimport) public: static class sf::Vector2<int> __cdecl sf::Mouse::getPosition(class sf::Window const &)" (__imp_?getPosition@Mouse@sf@@SA?AV?$Vector2@H@2@AEBVWindow@2@@Z) в функции main.
main.obj : error LNK2019: ссылка на неразрешенный внешний символ "__declspec(dllimport) public: __cdecl sf::VideoMode::VideoMode(unsigned int,unsigned int,unsigned int)" (__imp_??0VideoMode@sf@@QEAA@III@Z) в функции main.
main.obj : error LNK2019: ссылка на неразрешенный внешний символ "__declspec(dllimport) public: void __cdecl sf::Window::close(void)" (__imp_?close@Window@sf@@QEAAXXZ) в функции main.
main.obj : error LNK2019: ссылка на неразрешенный внешний символ "__declspec(dllimport) public: bool __cdecl sf::Window::isOpen(void)const " (__imp_?isOpen@Window@sf@@QEBA_NXZ) в функции main.
main.obj : error LNK2019: ссылка на неразрешенный внешний символ "__declspec(dllimport) public: bool __cdecl sf::Window::pollEvent(class sf::Event &)" (__imp_?pollEvent@Window@sf@@QEAA_NAEAVEvent@2@@Z) в функции main.
main.obj : error LNK2019: ссылка на неразрешенный внешний символ "__declspec(dllimport) public: void __cdecl sf::Window::display(void)" (__imp_?display@Window@sf@@QEAAXXZ) в функции main.
main.obj : error LNK2019: ссылка на неразрешенный внешний символ "__declspec(dllimport) public: void __cdecl sf::Transformable::setPosition(float,float)" (__imp_?setPosition@Transformable@sf@@QEAAXMM@Z) в функции main.
main.obj : error LNK2019: ссылка на неразрешенный внешний символ "__declspec(dllimport) public: void __cdecl sf::Transformable::setPosition(class sf::Vector2<float> const &)" (__imp_?setPosition@Transformable@sf@@QEAAXAEBV?$Vector2@M@2@@Z) в функции main.
main.obj : error LNK2019: ссылка на неразрешенный внешний символ "__declspec(dllimport) public: void __cdecl sf::Transformable::setScale(float,float)" (__imp_?setScale@Transformable@sf@@QEAAXMM@Z) в функции main.
main.obj : error LNK2019: ссылка на неразрешенный внешний символ "__declspec(dllimport) public: class sf::Vector2<float> const & __cdecl sf::Transformable::getPosition(void)const " (__imp_?getPosition@Transformable@sf@@QEBAAEBV?$Vector2@M@2@XZ) в функции main.
main.obj : error LNK2019: ссылка на неразрешенный внешний символ "__declspec(dllimport) public: void __cdecl sf::Transformable::move(float,float)" (__imp_?move@Transformable@sf@@QEAAXMM@Z) в функции main.
main.obj : error LNK2019: ссылка на неразрешенный внешний символ "__declspec(dllimport) public: __cdecl sf::Color::Color(unsigned char,unsigned char,unsigned char,unsigned char)" (__imp_??0Color@sf@@QEAA@EEEE@Z) в функции "class sf::ConvexShape __cdecl getCross(void)" (?getCross@@YA?AVConvexShape@sf@@XZ).
main.obj : error LNK2019: ссылка на неразрешенный внешний символ "__declspec(dllimport) public: void __cdecl sf::Shape::setFillColor(class sf::Color const &)" (__imp_?setFillColor@Shape@sf@@QEAAXAEBVColor@2@@Z) в функции "class sf::ConvexShape __cdecl getCross(void)" (?getCross@@YA?AVConvexShape@sf@@XZ).
main.obj : error LNK2019: ссылка на неразрешенный внешний символ "__declspec(dllimport) public: void __cdecl sf::Shape::setOutlineColor(class sf::Color const &)" (__imp_?setOutlineColor@Shape@sf@@QEAAXAEBVColor@2@@Z) в функции "class sf::CircleShape __cdecl getNought(void)" (?getNought@@YA?AVCircleShape@sf@@XZ).
main.obj : error LNK2019: ссылка на неразрешенный внешний символ "__declspec(dllimport) public: void __cdecl sf::Shape::setOutlineThickness(float)" (__imp_?setOutlineThickness@Shape@sf@@QEAAXM@Z) в функции "class sf::CircleShape __cdecl getNought(void)" (?getNought@@YA?AVCircleShape@sf@@XZ).
main.obj : error LNK2019: ссылка на неразрешенный внешний символ "__declspec(dllimport) public: class sf::Rect<float> __cdecl sf::Shape::getGlobalBounds(void)const " (__imp_?getGlobalBounds@Shape@sf@@QEBA?AV?$Rect@M@2@XZ) в функции main.
main.obj : error LNK2019: ссылка на неразрешенный внешний символ "__declspec(dllimport) public: __cdecl sf::CircleShape::CircleShape(float,unsigned __int64)" (__imp_??0CircleShape@sf@@QEAA@M_K@Z) в функции "class sf::CircleShape __cdecl getNought(void)" (?getNought@@YA?AVCircleShape@sf@@XZ).
main.obj : error LNK2019: ссылка на неразрешенный внешний символ "__declspec(dllimport) public: void __cdecl sf::CircleShape::setRadius(float)" (__imp_?setRadius@CircleShape@sf@@QEAAXM@Z) в функции "class sf::CircleShape __cdecl getNought(void)" (?getNought@@YA?AVCircleShape@sf@@XZ).
main.obj : error LNK2019: ссылка на неразрешенный внешний символ "__declspec(dllimport) public: void __cdecl sf::CircleShape::setPointCount(unsigned __int64)" (__imp_?setPointCount@CircleShape@sf@@QEAAX_K@Z) в функции "class sf::CircleShape __cdecl getNought(void)" (?getNought@@YA?AVCircleShape@sf@@XZ).
main.obj : error LNK2019: ссылка на неразрешенный внешний символ "__declspec(dllimport) public: virtual __cdecl sf::CircleShape::~CircleShape(void)" (__imp_??1CircleShape@sf@@UEAA@XZ) в функции "public: virtual void * __cdecl sf::CircleShape::`scalar deleting destructor'(unsigned int)" (??_GCircleShape@sf@@UEAAPEAXI@Z).
main.obj : error LNK2019: ссылка на неразрешенный внешний символ "__declspec(dllimport) public: __cdecl sf::CircleShape::CircleShape(class sf::CircleShape const &)" (__imp_??0CircleShape@sf@@QEAA@AEBV01@@Z) в функции "public: static void __cdecl std::_Default_allocator_traits<class std::allocator<class sf::CircleShape> >::construct<class sf::CircleShape,class sf::CircleShape &>(class std::allocator<class sf::CircleShape> &,class sf::CircleShape * const,class sf::CircleShape &)" (??$construct@VCircleShape@sf@@AEAV12@@?$_Default_allocator_traits@V?$allocator@VCircleShape@sf@@@std@@@std@@SAXAEAV?$allocator@VCircleShape@sf@@@1@QEAVCircleShape@sf@@AEAV34@@Z).
main.obj : error LNK2019: ссылка на неразрешенный внешний символ "__declspec(dllimport) public: __cdecl sf::CircleShape::CircleShape(class sf::CircleShape &&)" (__imp_??0CircleShape@sf@@QEAA@$$QEAV01@@Z) в функции "public: static void __cdecl std::_Default_allocator_traits<class std::allocator<class sf::CircleShape> >::construct<class sf::CircleShape,class sf::CircleShape>(class std::allocator<class sf::CircleShape> &,class sf::CircleShape * const,class sf::CircleShape &&)" (??$construct@VCircleShape@sf@@V12@@?$_Default_allocator_traits@V?$allocator@VCircleShape@sf@@@std@@@std@@SAXAEAV?$allocator@VCircleShape@sf@@@1@QEAVCircleShape@sf@@$$QEAV34@@Z).
main.obj : error LNK2019: ссылка на неразрешенный внешний символ "__declspec(dllimport) public: class sf::CircleShape & __cdecl sf::CircleShape::operator=(class sf::CircleShape &&)" (__imp_??4CircleShape@sf@@QEAAAEAV01@$$QEAV01@@Z) в функции main.
main.obj : error LNK2019: ссылка на неразрешенный внешний символ "__declspec(dllimport) public: __cdecl sf::ConvexShape::ConvexShape(unsigned __int64)" (__imp_??0ConvexShape@sf@@QEAA@_K@Z) в функции "class sf::ConvexShape __cdecl getCross(void)" (?getCross@@YA?AVConvexShape@sf@@XZ).
main.obj : error LNK2019: ссылка на неразрешенный внешний символ "__declspec(dllimport) public: void __cdecl sf::ConvexShape::setPointCount(unsigned __int64)" (__imp_?setPointCount@ConvexShape@sf@@QEAAX_K@Z) в функции "class sf::ConvexShape __cdecl getCross(void)" (?getCross@@YA?AVConvexShape@sf@@XZ).
main.obj : error LNK2019: ссылка на неразрешенный внешний символ "__declspec(dllimport) public: void __cdecl sf::ConvexShape::setPoint(unsigned __int64,class sf::Vector2<float> const &)" (__imp_?setPoint@ConvexShape@sf@@QEAAX_KAEBV?$Vector2@M@2@@Z) в функции "class sf::ConvexShape __cdecl getCross(void)" (?getCross@@YA?AVConvexShape@sf@@XZ).
main.obj : error LNK2019: ссылка на неразрешенный внешний символ "__declspec(dllimport) public: virtual __cdecl sf::ConvexShape::~ConvexShape(void)" (__imp_??1ConvexShape@sf@@UEAA@XZ) в функции "public: virtual void * __cdecl sf::ConvexShape::`scalar deleting destructor'(unsigned int)" (??_GConvexShape@sf@@UEAAPEAXI@Z).
main.obj : error LNK2019: ссылка на неразрешенный внешний символ "__declspec(dllimport) public: __cdecl sf::ConvexShape::ConvexShape(class sf::ConvexShape const &)" (__imp_??0ConvexShape@sf@@QEAA@AEBV01@@Z) в функции "public: static void __cdecl std::_Default_allocator_traits<class std::allocator<class sf::ConvexShape> >::construct<class sf::ConvexShape,class sf::ConvexShape &>(class std::allocator<class sf::ConvexShape> &,class sf::ConvexShape * const,class sf::ConvexShape &)" (??$construct@VConvexShape@sf@@AEAV12@@?$_Default_allocator_traits@V?$allocator@VConvexShape@sf@@@std@@@std@@SAXAEAV?$allocator@VConvexShape@sf@@@1@QEAVConvexShape@sf@@AEAV34@@Z).
main.obj : error LNK2019: ссылка на неразрешенный внешний символ "__declspec(dllimport) public: __cdecl sf::ConvexShape::ConvexShape(class sf::ConvexShape &&)" (__imp_??0ConvexShape@sf@@QEAA@$$QEAV01@@Z) в функции "public: static void __cdecl std::_Default_allocator_traits<class std::allocator<class sf::ConvexShape> >::construct<class sf::ConvexShape,class sf::ConvexShape>(class std::allocator<class sf::ConvexShape> &,class sf::ConvexShape * const,class sf::ConvexShape &&)" (??$construct@VConvexShape@sf@@V12@@?$_Default_allocator_traits@V?$allocator@VConvexShape@sf@@@std@@@std@@SAXAEAV?$allocator@VConvexShape@sf@@@1@QEAVConvexShape@sf@@$$QEAV34@@Z).
main.obj : error LNK2019: ссылка на неразрешенный внешний символ "__declspec(dllimport) public: class sf::ConvexShape & __cdecl sf::ConvexShape::operator=(class sf::ConvexShape &&)" (__imp_??4ConvexShape@sf@@QEAAAEAV01@$$QEAV01@@Z) в функции main.
main.obj : error LNK2019: ссылка на неразрешенный внешний символ "__declspec(dllimport) public: __cdecl sf::Font::Font(void)" (__imp_??0Font@sf@@QEAA@XZ) в функции main.
main.obj : error LNK2019: ссылка на неразрешенный внешний символ "__declspec(dllimport) public: __cdecl sf::Font::~Font(void)" (__imp_??1Font@sf@@QEAA@XZ) в функции main.
main.obj : error LNK2019: ссылка на неразрешенный внешний символ "__declspec(dllimport) public: bool __cdecl sf::Font::loadFromFile(class std::basic_string<char,struct std::char_traits<char>,class std::allocator<char> > const &)" (__imp_?loadFromFile@Font@sf@@QEAA_NAEBV?$basic_string@DU?$char_traits@D@std@@V?$allocator@D@2@@std@@@Z) в функции main.
main.obj : error LNK2019: ссылка на неразрешенный внешний символ "__declspec(dllimport) public: __cdecl sf::RectangleShape::RectangleShape(class sf::Vector2<float> const &)" (__imp_??0RectangleShape@sf@@QEAA@AEBV?$Vector2@M@1@@Z) в функции "public: static void __cdecl std::_Default_allocator_traits<class std::allocator<class sf::RectangleShape> >::construct<class sf::RectangleShape>(class std::allocator<class sf::RectangleShape> &,class sf::RectangleShape * const)" (??$construct@VRectangleShape@sf@@$$V@?$_Default_allocator_traits@V?$allocator@VRectangleShape@sf@@@std@@@std@@SAXAEAV?$allocator@VRectangleShape@sf@@@1@QEAVRectangleShape@sf@@@Z).
main.obj : error LNK2019: ссылка на неразрешенный внешний символ "__declspec(dllimport) public: void __cdecl sf::RectangleShape::setSize(class sf::Vector2<float> const &)" (__imp_?setSize@RectangleShape@sf@@QEAAXAEBV?$Vector2@M@2@@Z) в функции main.
main.obj : error LNK2019: ссылка на неразрешенный внешний символ "__declspec(dllimport) public: virtual __cdecl sf::RectangleShape::~RectangleShape(void)" (__imp_??1RectangleShape@sf@@UEAA@XZ) в функции "public: __cdecl Cell::~Cell(void)" (??1Cell@@QEAA@XZ).
main.obj : error LNK2019: ссылка на неразрешенный внешний символ "__declspec(dllimport) public: void __cdecl sf::RenderTarget::clear(class sf::Color const &)" (__imp_?clear@RenderTarget@sf@@QEAAXAEBVColor@2@@Z) в функции main.
main.obj : error LNK2019: ссылка на неразрешенный внешний символ "__declspec(dllimport) public: void __cdecl sf::RenderTarget::draw(class sf::Drawable const &,class sf::RenderStates const &)" (__imp_?draw@RenderTarget@sf@@QEAAXAEBVDrawable@2@AEBVRenderStates@2@@Z) в функции main.
main.obj : error LNK2019: ссылка на неразрешенный внешний символ "__declspec(dllimport) public: __cdecl sf::RenderWindow::RenderWindow(class sf::VideoMode,class sf::String const &,unsigned int,struct sf::ContextSettings const &)" (__imp_??0RenderWindow@sf@@QEAA@VVideoMode@1@AEBVString@1@IAEBUContextSettings@1@@Z) в функции main.
main.obj : error LNK2019: ссылка на неразрешенный внешний символ "__declspec(dllimport) public: virtual __cdecl sf::RenderWindow::~RenderWindow(void)" (__imp_??1RenderWindow@sf@@UEAA@XZ) в функции main.
main.obj : error LNK2019: ссылка на неразрешенный внешний символ "__declspec(dllimport) public: __cdecl sf::Text::Text(void)" (__imp_??0Text@sf@@QEAA@XZ) в функции main.
main.obj : error LNK2019: ссылка на неразрешенный внешний символ "__declspec(dllimport) public: void __cdecl sf::Text::setString(class sf::String const &)" (__imp_?setString@Text@sf@@QEAAXAEBVString@2@@Z) в функции main.
main.obj : error LNK2019: ссылка на неразрешенный внешний символ "__declspec(dllimport) public: void __cdecl sf::Text::setFont(class sf::Font const &)" (__imp_?setFont@Text@sf@@QEAAXAEBVFont@2@@Z) в функции main.
main.obj : error LNK2019: ссылка на неразрешенный внешний символ "__declspec(dllimport) public: void __cdecl sf::Text::setCharacterSize(unsigned int)" (__imp_?setCharacterSize@Text@sf@@QEAAXI@Z) в функции main.
main.obj : error LNK2019: ссылка на неразрешенный внешний символ "__declspec(dllimport) public: void __cdecl sf::Text::setFillColor(class sf::Color const &)" (__imp_?setFillColor@Text@sf@@QEAAXAEBVColor@2@@Z) в функции main.
main.obj : error LNK2019: ссылка на неразрешенный внешний символ "__declspec(dllimport) public: class sf::Rect<float> __cdecl sf::Text::getGlobalBounds(void)const " (__imp_?getGlobalBounds@Text@sf@@QEBA?AV?$Rect@M@2@XZ) в функции main.
main.obj : error LNK2019: ссылка на неразрешенный внешний символ "__declspec(dllimport) public: virtual __cdecl sf::Text::~Text(void)" (__imp_??1Text@sf@@UEAA@XZ) в функции main.
main.obj : error LNK2001: неразрешенный внешний символ "private: virtual void __cdecl sf::Shape::draw(class sf::RenderTarget &,class sf::RenderStates)const " (?draw@Shape@sf@@EEBAXAEAVRenderTarget@2@VRenderStates@2@@Z).
main.obj : error LNK2001: неразрешенный внешний символ "public: virtual class sf::Vector2<float> __cdecl sf::CircleShape::getPoint(unsigned __int64)const " (?getPoint@CircleShape@sf@@UEBA?AV?$Vector2@M@2@_K@Z).
main.obj : error LNK2001: неразрешенный внешний символ "public: virtual class sf::Vector2<float> __cdecl sf::ConvexShape::getPoint(unsigned __int64)const " (?getPoint@ConvexShape@sf@@UEBA?AV?$Vector2@M@2@_K@Z).
main.obj : error LNK2001: неразрешенный внешний символ "public: virtual class sf::Vector2<float> __cdecl sf::RectangleShape::getPoint(unsigned __int64)const " (?getPoint@RectangleShape@sf@@UEBA?AV?$Vector2@M@2@_K@Z).
main.obj : error LNK2001: неразрешенный внешний символ "public: virtual unsigned __int64 __cdecl sf::CircleShape::getPointCount(void)const " (?getPointCount@CircleShape@sf@@UEBA_KXZ).
main.obj : error LNK2001: неразрешенный внешний символ "public: virtual unsigned __int64 __cdecl sf::ConvexShape::getPointCount(void)const " (?getPointCount@ConvexShape@sf@@UEBA_KXZ).
main.obj : error LNK2001: неразрешенный внешний символ "public: virtual unsigned __int64 __cdecl sf::RectangleShape::getPointCount(void)const " (?getPointCount@RectangleShape@sf@@UEBA_KXZ).
main.obj : error LNK2019: ссылка на неразрешенный внешний символ "__declspec(dllimport) public: static class sf::RenderStates const sf::RenderStates::Default" (__imp_?Default@RenderStates@sf@@2V12@B) в функции main.
E:\VS 2019\tic-tac-toe\x64\Debug\tic-tac-toe.exe : fatal error LNK1120: неразрешенных внешних элементов: 59
