  main.cpp
E:\VS 2019\tic-tac-toe\tic-tac-toe\main.cpp(69,36): warning C4244: аргумент: преобразование "int" в "float", возможна потеря данных
E:\VS 2019\tic-tac-toe\tic-tac-toe\main.cpp(70,33): warning C4244: аргумент: преобразование "int" в "float", возможна потеря данных
E:\VS 2019\tic-tac-toe\tic-tac-toe\main.cpp(86,61): warning C4244: аргумент: преобразование "int" в "float", возможна потеря данных
E:\VS 2019\tic-tac-toe\tic-tac-toe\main.cpp(86,43): warning C4244: аргумент: преобразование "int" в "float", возможна потеря данных
E:\VS 2019\tic-tac-toe\tic-tac-toe\main.cpp(105,99): warning C4244: аргумент: преобразование "T" в "T", возможна потеря данных
          with
          [
              T=int
          ]
          and
          [
              T=float
          ]
E:\VS 2019\tic-tac-toe\tic-tac-toe\main.cpp(105,86): warning C4244: аргумент: преобразование "T" в "T", возможна потеря данных
          with
          [
              T=int
          ]
          and
          [
              T=float
          ]
E:\VS 2019\tic-tac-toe\tic-tac-toe\main.cpp(189,31): warning C4018: <: несоответствие типов со знаком и без знака
E:\VS 2019\tic-tac-toe\tic-tac-toe\main.cpp(193,31): warning C4018: <: несоответствие типов со знаком и без знака
main.obj : error LNK2001: неразрешенный внешний символ "__declspec(dllimport) public: static class sf::RenderStates const sf::RenderStates::Default" (__imp_?Default@RenderStates@sf@@2V12@B).
main.obj : error LNK2001: неразрешенный внешний символ "__declspec(dllimport) public: virtual class sf::Vector2<float> __thiscall sf::CircleShape::getPoint(unsigned int)const " (__imp_?getPoint@CircleShape@sf@@UBE?AV?$Vector2@M@2@I@Z).
main.obj : error LNK2001: неразрешенный внешний символ "__declspec(dllimport) public: virtual unsigned int __thiscall sf::CircleShape::getPointCount(void)const " (__imp_?getPointCount@CircleShape@sf@@UBEIXZ).
main.obj : error LNK2001: неразрешенный внешний символ "__declspec(dllimport) public: void __thiscall sf::CircleShape::setPointCount(unsigned int)" (__imp_?setPointCount@CircleShape@sf@@QAEXI@Z).
main.obj : error LNK2001: неразрешенный внешний символ "__declspec(dllimport) public: void __thiscall sf::CircleShape::setRadius(float)" (__imp_?setRadius@CircleShape@sf@@QAEXM@Z).
main.obj : error LNK2001: неразрешенный внешний символ "__declspec(dllimport) public: __thiscall sf::CircleShape::CircleShape(float,unsigned int)" (__imp_??0CircleShape@sf@@QAE@MI@Z).
main.obj : error LNK2001: неразрешенный внешний символ "__declspec(dllimport) public: void __thiscall sf::Transformable::move(float,float)" (__imp_?move@Transformable@sf@@QAEXMM@Z).
main.obj : error LNK2001: неразрешенный внешний символ "__declspec(dllimport) public: class sf::Vector2<float> const & __thiscall sf::Transformable::getPosition(void)const " (__imp_?getPosition@Transformable@sf@@QBEABV?$Vector2@M@2@XZ).
main.obj : error LNK2001: неразрешенный внешний символ "__declspec(dllimport) public: void __thiscall sf::Transformable::setScale(float,float)" (__imp_?setScale@Transformable@sf@@QAEXMM@Z).
main.obj : error LNK2001: неразрешенный внешний символ "__declspec(dllimport) public: void __thiscall sf::Transformable::setPosition(float,float)" (__imp_?setPosition@Transformable@sf@@QAEXMM@Z).
main.obj : error LNK2001: неразрешенный внешний символ "__declspec(dllimport) public: void __thiscall sf::Transformable::setPosition(class sf::Vector2<float> const &)" (__imp_?setPosition@Transformable@sf@@QAEXABV?$Vector2@M@2@@Z).
main.obj : error LNK2001: неразрешенный внешний символ "__declspec(dllimport) class sf::Time __cdecl sf::seconds(float)" (__imp_?seconds@sf@@YA?AVTime@1@M@Z).
main.obj : error LNK2001: неразрешенный внешний символ "__declspec(dllimport) public: bool __thiscall sf::Font::loadFromFile(class std::basic_string<char,struct std::char_traits<char>,class std::allocator<char> > const &)" (__imp_?loadFromFile@Font@sf@@QAE_NABV?$basic_string@DU?$char_traits@D@std@@V?$allocator@D@2@@std@@@Z).
main.obj : error LNK2001: неразрешенный внешний символ "__declspec(dllimport) public: __thiscall sf::Font::~Font(void)" (__imp_??1Font@sf@@QAE@XZ).
main.obj : error LNK2001: неразрешенный внешний символ "__declspec(dllimport) public: __thiscall sf::Font::Font(void)" (__imp_??0Font@sf@@QAE@XZ).
main.obj : error LNK2001: неразрешенный внешний символ "__declspec(dllimport) public: virtual __thiscall sf::RenderWindow::~RenderWindow(void)" (__imp_??1RenderWindow@sf@@UAE@XZ).
main.obj : error LNK2001: неразрешенный внешний символ "__declspec(dllimport) public: __thiscall sf::RenderWindow::RenderWindow(class sf::VideoMode,class sf::String const &,unsigned int,struct sf::ContextSettings const &)" (__imp_??0RenderWindow@sf@@QAE@VVideoMode@1@ABVString@1@IABUContextSettings@1@@Z).
main.obj : error LNK2001: неразрешенный внешний символ "__declspec(dllimport) public: __thiscall sf::Color::Color(unsigned char,unsigned char,unsigned char,unsigned char)" (__imp_??0Color@sf@@QAE@EEEE@Z).
main.obj : error LNK2001: неразрешенный внешний символ "__declspec(dllimport) void __cdecl sf::sleep(class sf::Time)" (__imp_?sleep@sf@@YAXVTime@1@@Z).
main.obj : error LNK2001: неразрешенный внешний символ "__declspec(dllimport) public: void __thiscall sf::Window::display(void)" (__imp_?display@Window@sf@@QAEXXZ).
main.obj : error LNK2001: неразрешенный внешний символ "__declspec(dllimport) public: bool __thiscall sf::Window::pollEvent(class sf::Event &)" (__imp_?pollEvent@Window@sf@@QAE_NAAVEvent@2@@Z).
main.obj : error LNK2001: неразрешенный внешний символ "__declspec(dllimport) public: bool __thiscall sf::Window::isOpen(void)const " (__imp_?isOpen@Window@sf@@QBE_NXZ).
main.obj : error LNK2001: неразрешенный внешний символ "__declspec(dllimport) public: void __thiscall sf::Window::close(void)" (__imp_?close@Window@sf@@QAEXXZ).
main.obj : error LNK2001: неразрешенный внешний символ "__declspec(dllimport) public: void __thiscall sf::RenderTarget::draw(class sf::Drawable const &,class sf::RenderStates const &)" (__imp_?draw@RenderTarget@sf@@QAEXABVDrawable@2@ABVRenderStates@2@@Z).
main.obj : error LNK2001: неразрешенный внешний символ "__declspec(dllimport) public: void __thiscall sf::RenderTarget::clear(class sf::Color const &)" (__imp_?clear@RenderTarget@sf@@QAEXABVColor@2@@Z).
main.obj : error LNK2001: неразрешенный внешний символ "__declspec(dllimport) private: virtual void __thiscall sf::Shape::draw(class sf::RenderTarget &,class sf::RenderStates)const " (__imp_?draw@Shape@sf@@EBEXAAVRenderTarget@2@VRenderStates@2@@Z).
main.obj : error LNK2001: неразрешенный внешний символ "__declspec(dllimport) public: class sf::Rect<float> __thiscall sf::Shape::getGlobalBounds(void)const " (__imp_?getGlobalBounds@Shape@sf@@QBE?AV?$Rect@M@2@XZ).
main.obj : error LNK2001: неразрешенный внешний символ "__declspec(dllimport) public: void __thiscall sf::Shape::setOutlineThickness(float)" (__imp_?setOutlineThickness@Shape@sf@@QAEXM@Z).
main.obj : error LNK2001: неразрешенный внешний символ "__declspec(dllimport) public: void __thiscall sf::Shape::setOutlineColor(class sf::Color const &)" (__imp_?setOutlineColor@Shape@sf@@QAEXABVColor@2@@Z).
main.obj : error LNK2001: неразрешенный внешний символ "__declspec(dllimport) public: void __thiscall sf::Shape::setFillColor(class sf::Color const &)" (__imp_?setFillColor@Shape@sf@@QAEXABVColor@2@@Z).
main.obj : error LNK2001: неразрешенный внешний символ "__declspec(dllimport) public: __thiscall sf::String::String(char const *,class std::locale const &)" (__imp_??0String@sf@@QAE@PBDABVlocale@std@@@Z).
main.obj : error LNK2001: неразрешенный внешний символ "__declspec(dllimport) public: virtual class sf::Vector2<float> __thiscall sf::RectangleShape::getPoint(unsigned int)const " (__imp_?getPoint@RectangleShape@sf@@UBE?AV?$Vector2@M@2@I@Z).
main.obj : error LNK2001: неразрешенный внешний символ "__declspec(dllimport) public: virtual unsigned int __thiscall sf::RectangleShape::getPointCount(void)const " (__imp_?getPointCount@RectangleShape@sf@@UBEIXZ).
main.obj : error LNK2001: неразрешенный внешний символ "__declspec(dllimport) public: void __thiscall sf::RectangleShape::setSize(class sf::Vector2<float> const &)" (__imp_?setSize@RectangleShape@sf@@QAEXABV?$Vector2@M@2@@Z).
main.obj : error LNK2001: неразрешенный внешний символ "__declspec(dllimport) public: __thiscall sf::RectangleShape::RectangleShape(class sf::Vector2<float> const &)" (__imp_??0RectangleShape@sf@@QAE@ABV?$Vector2@M@1@@Z).
main.obj : error LNK2001: неразрешенный внешний символ "__declspec(dllimport) public: __thiscall sf::VideoMode::VideoMode(unsigned int,unsigned int,unsigned int)" (__imp_??0VideoMode@sf@@QAE@III@Z).
main.obj : error LNK2001: неразрешенный внешний символ "__declspec(dllimport) public: virtual class sf::Vector2<float> __thiscall sf::ConvexShape::getPoint(unsigned int)const " (__imp_?getPoint@ConvexShape@sf@@UBE?AV?$Vector2@M@2@I@Z).
main.obj : error LNK2001: неразрешенный внешний символ "__declspec(dllimport) public: void __thiscall sf::ConvexShape::setPoint(unsigned int,class sf::Vector2<float> const &)" (__imp_?setPoint@ConvexShape@sf@@QAEXIABV?$Vector2@M@2@@Z).
main.obj : error LNK2001: неразрешенный внешний символ "__declspec(dllimport) public: virtual unsigned int __thiscall sf::ConvexShape::getPointCount(void)const " (__imp_?getPointCount@ConvexShape@sf@@UBEIXZ).
main.obj : error LNK2001: неразрешенный внешний символ "__declspec(dllimport) public: void __thiscall sf::ConvexShape::setPointCount(unsigned int)" (__imp_?setPointCount@ConvexShape@sf@@QAEXI@Z).
main.obj : error LNK2001: неразрешенный внешний символ "__declspec(dllimport) public: __thiscall sf::ConvexShape::ConvexShape(unsigned int)" (__imp_??0ConvexShape@sf@@QAE@I@Z).
main.obj : error LNK2001: неразрешенный внешний символ "__declspec(dllimport) public: class sf::Rect<float> __thiscall sf::Text::getGlobalBounds(void)const " (__imp_?getGlobalBounds@Text@sf@@QBE?AV?$Rect@M@2@XZ).
main.obj : error LNK2001: неразрешенный внешний символ "__declspec(dllimport) public: void __thiscall sf::Text::setFillColor(class sf::Color const &)" (__imp_?setFillColor@Text@sf@@QAEXABVColor@2@@Z).
main.obj : error LNK2001: неразрешенный внешний символ "__declspec(dllimport) public: void __thiscall sf::Text::setCharacterSize(unsigned int)" (__imp_?setCharacterSize@Text@sf@@QAEXI@Z).
main.obj : error LNK2001: неразрешенный внешний символ "__declspec(dllimport) public: void __thiscall sf::Text::setFont(class sf::Font const &)" (__imp_?setFont@Text@sf@@QAEXABVFont@2@@Z).
main.obj : error LNK2001: неразрешенный внешний символ "__declspec(dllimport) public: void __thiscall sf::Text::setString(class sf::String const &)" (__imp_?setString@Text@sf@@QAEXABVString@2@@Z).
main.obj : error LNK2001: неразрешенный внешний символ "__declspec(dllimport) public: __thiscall sf::Text::Text(void)" (__imp_??0Text@sf@@QAE@XZ).
main.obj : error LNK2001: неразрешенный внешний символ "__declspec(dllimport) public: static class sf::Vector2<int> __cdecl sf::Mouse::getPosition(class sf::Window const &)" (__imp_?getPosition@Mouse@sf@@SA?AV?$Vector2@H@2@ABVWindow@2@@Z).
main.obj : error LNK2001: неразрешенный внешний символ "__declspec(dllimport) public: __thiscall sf::ConvexShape::ConvexShape(class sf::ConvexShape const &)" (__imp_??0ConvexShape@sf@@QAE@ABV01@@Z).
main.obj : error LNK2001: неразрешенный внешний символ "__declspec(dllimport) public: __thiscall sf::CircleShape::CircleShape(class sf::CircleShape const &)" (__imp_??0CircleShape@sf@@QAE@ABV01@@Z).
main.obj : error LNK2001: неразрешенный внешний символ "__declspec(dllimport) public: virtual __thiscall sf::RectangleShape::~RectangleShape(void)" (__imp_??1RectangleShape@sf@@UAE@XZ).
main.obj : error LNK2001: неразрешенный внешний символ "__declspec(dllimport) public: virtual __thiscall sf::Text::~Text(void)" (__imp_??1Text@sf@@UAE@XZ).
main.obj : error LNK2001: неразрешенный внешний символ "__declspec(dllimport) public: class sf::ConvexShape & __thiscall sf::ConvexShape::operator=(class sf::ConvexShape &&)" (__imp_??4ConvexShape@sf@@QAEAAV01@$$QAV01@@Z).
main.obj : error LNK2001: неразрешенный внешний символ "__declspec(dllimport) public: class sf::CircleShape & __thiscall sf::CircleShape::operator=(class sf::CircleShape &&)" (__imp_??4CircleShape@sf@@QAEAAV01@$$QAV01@@Z).
main.obj : error LNK2001: неразрешенный внешний символ "__declspec(dllimport) public: __thiscall sf::String::~String(void)" (__imp_??1String@sf@@QAE@XZ).
main.obj : error LNK2001: неразрешенный внешний символ "__declspec(dllimport) public: __thiscall sf::CircleShape::CircleShape(class sf::CircleShape &&)" (__imp_??0CircleShape@sf@@QAE@$$QAV01@@Z).
main.obj : error LNK2001: неразрешенный внешний символ "__declspec(dllimport) public: virtual __thiscall sf::CircleShape::~CircleShape(void)" (__imp_??1CircleShape@sf@@UAE@XZ).
main.obj : error LNK2001: неразрешенный внешний символ "__declspec(dllimport) public: __thiscall sf::ConvexShape::ConvexShape(class sf::ConvexShape &&)" (__imp_??0ConvexShape@sf@@QAE@$$QAV01@@Z).
main.obj : error LNK2001: неразрешенный внешний символ "__declspec(dllimport) public: virtual __thiscall sf::ConvexShape::~ConvexShape(void)" (__imp_??1ConvexShape@sf@@UAE@XZ).
E:\VS 2019\tic-tac-toe\Release\tic-tac-toe.exe : fatal error LNK1120: неразрешенных внешних элементов: 59
